<?xml version="1.0" encoding="UTF-8"?>
<Site BuildName="Linux-c++"
	BuildStamp="20250409-0758-Experimental"
	Name="nimsolated-Lenovo-V15-G4-IRU"
	Generator="ctest-3.28.3"
	CompilerName="/usr/bin/c++"
	CompilerVersion="13.3.0"
	OSName="Linux"
	Hostname="nimsolated-Lenovo-V15-G4-IRU"
	OSRelease="6.11.0-21-generic"
	OSVersion="#21~24.04.1-Ubuntu SMP PREEMPT_DYNAMIC Mon Feb 24 16:52:15 UTC 2"
	OSPlatform="x86_64"
	Is64Bits="1"
	VendorString="GenuineIntel"
	VendorID="Intel Corporation"
	FamilyID="6"
	ModelID="186"
	ProcessorCacheSize="10240"
	NumberOfLogicalCPU="8"
	NumberOfPhysicalCPU="6"
	TotalVirtualMemory="4095"
	TotalPhysicalMemory="15717"
	LogicalProcessorsPerPhysical="1"
	ProcessorClockFrequency="1299.96"
	>
	<Testing>
		<StartDateTime>Apr 09 01:35 PDT</StartDateTime>
		<StartTestTime>1744187731</StartTestTime>
		<TestList/>
		<EndDateTime>Apr 09 01:35 PDT</EndDateTime>
		<EndTestTime>1744187731</EndTestTime>
		<ElapsedMinutes>0</ElapsedMinutes>
	</Testing>
</Site>
